WARNING:root:137a dies twice
WARNING:root:270a dies twice
WARNING:root:816 couldn't break up
WARNING:root:743 couldn't break up
WARNING:root:865 couldn't break up
WARNING:root:840 couldn't break up
WARNING:root:1053 couldn't break up
WARNING:root:957 couldn't break up
12/04/2021 12:16:49 AM 655a dies twice
12/04/2021 12:16:49 AM 367a dies twice
12/04/2021 12:16:49 AM 602a dies twice
12/04/2021 12:16:49 AM 800 couldn't break up
12/04/2021 12:16:50 AM 450c4 dies twice
12/04/2021 12:16:50 AM 728 couldn't break up
12/04/2021 12:16:50 AM 1012 couldn't break up
12/04/2021 12:16:50 AM 806 couldn't break up
12/04/2021 12:18:37 AM 190a dies twice
12/04/2021 12:18:37 AM 284a dies twice
12/04/2021 12:18:38 AM 406a dies twice
12/04/2021 12:18:38 AM 274a dies twice
12/04/2021 12:18:38 AM 602a dies twice
12/04/2021 12:18:39 AM 828 couldn't break up
12/04/2021 12:18:39 AM 317c2 dies twice
12/04/2021 12:18:39 AM 1033 couldn't break up
12/04/2021 12:18:40 AM 834 couldn't break up
12/04/2021 12:18:40 AM 955 couldn't break up
12/04/2021 12:18:40 AM 716 couldn't break up
12/04/2021 12:18:40 AM 1025 couldn't break up
12/04/2021 12:19:17 AM NEW RUN
12/04/2021 12:19:19 AM 16a dies twice
12/04/2021 12:19:20 AM 706 couldn't break up
12/04/2021 12:19:21 AM 738 couldn't break up
12/04/2021 12:19:21 AM 694 couldn't break up
12/04/2021 12:19:21 AM 832 couldn't break up
12/04/2021 12:19:21 AM 829 couldn't break up
12/04/2021 12:19:21 AM 955 couldn't break up
12/04/2021 12:19:21 AM 736 couldn't break up
12/04/2021 12:19:42 AM 
NEW RUN
12/04/2021 12:19:43 AM 642a dies twice
12/04/2021 12:19:44 AM 446a dies twice
12/04/2021 12:19:44 AM 466a dies twice
12/04/2021 12:19:45 AM 703a dies twice
12/04/2021 12:19:45 AM 818 couldn't break up
12/04/2021 12:19:45 AM 780 couldn't break up
12/04/2021 12:19:46 AM 815 couldn't break up
12/04/2021 12:19:46 AM 909 couldn't break up
12/04/2021 12:20:00 AM 

NEW RUN
12/04/2021 12:20:02 AM 115a dies twice
12/04/2021 12:20:02 AM 470a dies twice
12/04/2021 12:20:02 AM 515a dies twice
12/04/2021 12:20:02 AM 341a dies twice
12/04/2021 12:20:03 AM 646a dies twice
12/04/2021 12:20:03 AM 207a dies twice
12/04/2021 12:20:03 AM 753 couldn't break up
12/04/2021 12:20:03 AM 852 couldn't break up
12/04/2021 12:20:03 AM 835 couldn't break up
12/04/2021 12:20:03 AM 828 couldn't break up
12/04/2021 12:20:04 AM 834 couldn't break up
12/04/2021 12:20:04 AM 913 couldn't break up
12/04/2021 12:20:04 AM 1064 couldn't break up
12/04/2021 12:20:04 AM 1057 couldn't break up
12/04/2021 12:20:04 AM 775 couldn't break up
12/04/2021 12:20:04 AM 946 couldn't break up
12/04/2021 12:20:04 AM 1028 couldn't break up
12/04/2021 12:24:18 AM 

NEW RUN
12/04/2021 12:24:20 AM 443a dies twice
12/04/2021 12:24:20 AM 79a dies twice
12/04/2021 12:24:21 AM 273a dies twice
12/04/2021 12:24:21 AM 303a dies twice
12/04/2021 12:24:21 AM 794 couldn't break up: <classes.person.Person object at 0x7fc615e13250> & <classes.person.Person object at 0x7fc61547ab50>
12/04/2021 12:24:21 AM 797 couldn't break up: <classes.person.Person object at 0x7fc615d600d0> & <classes.person.Person object at 0x7fc615d83fa0>
12/04/2021 12:24:22 AM 603c3 dies twice
12/04/2021 12:24:22 AM 738 couldn't break up: <classes.person.Person object at 0x7fc6162cbdf0> & <classes.person.Person object at 0x7fc615633d60>
12/04/2021 12:24:22 AM 858 couldn't break up: <classes.person.Person object at 0x7fc6160aa7c0> & <classes.person.Person object at 0x7fc615ee79d0>
12/04/2021 12:24:22 AM 744 couldn't break up: <classes.person.Person object at 0x7fc616706e50> & <classes.person.Person object at 0x7fc6163b5a30>
12/04/2021 12:24:22 AM 1095 couldn't break up: <classes.person.Person object at 0x7fc615610f70> & <classes.person.Person object at 0x7fc615bd6250>
12/04/2021 12:24:22 AM 830 couldn't break up: <classes.person.Person object at 0x7fc615d57190> & <classes.person.Person object at 0x7fc615935f40>
12/04/2021 12:24:22 AM 1181 couldn't break up: <classes.person.Person object at 0x7fc6150f0e50> & <classes.person.Person object at 0x7fc614775ac0>
12/04/2021 12:24:43 AM 

NEW RUN
12/04/2021 12:24:44 AM 591a dies twice
12/04/2021 12:24:45 AM 470a dies twice
12/04/2021 12:24:45 AM 650a dies twice
12/04/2021 12:24:46 AM 167a dies twice
12/04/2021 12:24:46 AM 250a dies twice
12/04/2021 12:24:46 AM 697 couldn't break up: 205c1 & 654c2
12/04/2021 12:24:46 AM 787 couldn't break up: 391c2 & 235c4
12/04/2021 12:24:46 AM 712 couldn't break up: 165c1 & 102c1
12/04/2021 12:24:46 AM 876 couldn't break up: 633c2 & 104c1
12/04/2021 12:24:46 AM 775 couldn't break up: 156c2 & 105c3
12/04/2021 12:24:46 AM 920 couldn't break up: 600c3 & 292c1
12/04/2021 12:24:47 AM 764 couldn't break up: 48c2 & 319c2
12/04/2021 12:24:47 AM 750 couldn't break up: 637c3 & 630c2
12/04/2021 12:24:47 AM 979 couldn't break up: 156c2 & 309c5
12/04/2021 12:24:47 AM 829 couldn't break up: 373c3 & 341c1
12/04/2021 12:24:47 AM 932 couldn't break up: 633c2 & 306c1
12/04/2021 12:24:47 AM 785 couldn't break up: 109c1 & 205c5
12/04/2021 12:24:47 AM 1013 couldn't break up: 194c5 & 55c5
12/04/2021 12:24:47 AM 1131 couldn't break up: 667c3 & 241c3
12/04/2021 12:25:24 AM 

NEW RUN
12/04/2021 12:25:26 AM 171a dies twice
12/04/2021 12:25:27 AM 126a dies twice
12/04/2021 12:25:27 AM 622a dies twice
12/04/2021 12:25:27 AM 737 couldn't break up: 62c3 (True)& 237c1 (False)
12/04/2021 12:25:27 AM 794 couldn't break up: 256c2 (True)& 180c4 (False)
12/04/2021 12:25:27 AM 779 couldn't break up: 434c3 (True)& 306c4 (False)
12/04/2021 12:25:27 AM 846 couldn't break up: 227c3 (True)& 94c4 (False)
12/04/2021 12:25:28 AM 294c1 dies twice
12/04/2021 12:25:28 AM 1134 couldn't break up: 525c2 (True)& 314c2 (False)
